<?xml version="1.0" encoding="UTF-8"?>
<testsuite xmlns:xsi="http://www.w3.org/2001/XMLSchema-instance" xsi:noNamespaceSchemaLocation="https://maven.apache.org/surefire/maven-surefire-plugin/xsd/surefire-test-report.xsd" name="org.example.CreateUserApiTest" time="5.54" tests="5" errors="0" skipped="0" failures="0">
  <properties>
[...]
</properties>
  <testcase name="createUserTestWithoutPassword" classname="org.example.CreateUserApiTest" time="2.033"/>
  <testcase name="createUserTestWithoutName" classname="org.example.CreateUserApiTest" time="0.295"/>
  <testcase name="createExistUserTest" classname="org.example.CreateUserApiTest" time="1.676"/>
  <testcase name="createUserSuccessTest" classname="org.example.CreateUserApiTest" time="1.015"/>
  <testcase name="createUserTestWithoutEmail" classname="org.example.CreateUserApiTest" time="0.433"/>
</testsuite>